# このファイルは緯度・経度を用いた２点間の距離と方位角の計算結果（一括処理）です。
# 選択された楕円体は「GRS80」です。
# 出力項目は以下の通りです。
# 出発点緯度(dms) 出発点経度(dms) 到着点緯度(dms) 到着点経度(dms) 測地線長(m) 方位角1(dms) 方位角2(dms) コメント
#-----------------------------------------------------------------------------------------------------------------------
 -850304.0636  -1350000.0000  -663047.7376  -1350000.0000     2069147.032            0.00      1800000.00 
 -663047.7376  -1350000.0000        0.0000  -1350000.0000     7380073.452            0.00      1800000.00 
       0.0000  -1350000.0000   663047.7376  -1350000.0000     7380073.452            0.00      1800000.00 
  663047.7376  -1350000.0000   850304.0636  -1350000.0000     2069147.032            0.00      1800000.00 
 -850304.0636   -450000.0000  -663047.7376   -450000.0000     2069147.032            0.00      1800000.00 
 -663047.7376   -450000.0000        0.0000   -450000.0000     7380073.452            0.00      1800000.00 
       0.0000   -450000.0000   663047.7376   -450000.0000     7380073.452            0.00      1800000.00 
  663047.7376   -450000.0000   850304.0636   -450000.0000     2069147.032            0.00      1800000.00 
 -850304.0636    450000.0000  -663047.7376    450000.0000     2069147.032            0.00      1800000.00 
 -663047.7376    450000.0000        0.0000    450000.0000     7380073.452            0.00      1800000.00 
       0.0000    450000.0000   663047.7376    450000.0000     7380073.452            0.00      1800000.00 
  663047.7376    450000.0000   850304.0636    450000.0000     2069147.032            0.00      1800000.00 
 -850304.0636   1350000.0000  -663047.7376   1350000.0000     2069147.032            0.00      1800000.00 
 -663047.7376   1350000.0000        0.0000   1350000.0000     7380073.452            0.00      1800000.00 
       0.0000   1350000.0000   663047.7376   1350000.0000     7380073.452            0.00      1800000.00 
  663047.7376   1350000.0000   850304.0636   1350000.0000     2069147.032            0.00      1800000.00 
