# このファイルは緯度・経度を用いた２点間の距離と方位角の計算結果（一括処理）です。
# 選択された楕円体は「GRS80」です。
# 出力項目は以下の通りです。
# 出発点緯度(dms) 出発点経度(dms) 到着点緯度(dms) 到着点経度(dms) 測地線長(m) 方位角1(dms) 方位角2(dms) コメント
#-----------------------------------------------------------------------------------------------------------------------
 -850304.0636  -1573000.0000  -791016.8047  -1573000.0000      656606.962            0.00      1800000.00 
 -791016.8047  -1573000.0000  -663047.7376  -1573000.0000     1412540.070            0.00      1800000.00 
 -663047.7376  -1573000.0000  -405847.6331  -1573000.0000     2841732.554            0.00      1800000.00 
 -405847.6331  -1573000.0000        0.0000  -1573000.0000     4538340.897            0.00      1800000.00 
       0.0000  -1573000.0000   405847.6331  -1573000.0000     4538340.897            0.00      1800000.00 
  405847.6331  -1573000.0000   663047.7376  -1573000.0000     2841732.554            0.00      1800000.00 
  663047.7376  -1573000.0000   791016.8047  -1573000.0000     1412540.070            0.00      1800000.00 
  791016.8047  -1573000.0000   850304.0636  -1573000.0000      656606.962            0.00      1800000.00 
 -850304.0636  -1123000.0000  -791016.8047  -1123000.0000      656606.962            0.00      1800000.00 
 -791016.8047  -1123000.0000  -663047.7376  -1123000.0000     1412540.070            0.00      1800000.00 
 -663047.7376  -1123000.0000  -405847.6331  -1123000.0000     2841732.554            0.00      1800000.00 
 -405847.6331  -1123000.0000        0.0000  -1123000.0000     4538340.897            0.00      1800000.00 
       0.0000  -1123000.0000   405847.6331  -1123000.0000     4538340.897            0.00      1800000.00 
  405847.6331  -1123000.0000   663047.7376  -1123000.0000     2841732.554            0.00      1800000.00 
  663047.7376  -1123000.0000   791016.8047  -1123000.0000     1412540.070            0.00      1800000.00 
  791016.8047  -1123000.0000   850304.0636  -1123000.0000      656606.962            0.00      1800000.00 
 -850304.0636   -673000.0000  -791016.8047   -673000.0000      656606.962            0.00      1800000.00 
 -791016.8047   -673000.0000  -663047.7376   -673000.0000     1412540.070            0.00      1800000.00 
 -663047.7376   -673000.0000  -405847.6331   -673000.0000     2841732.554            0.00      1800000.00 
 -405847.6331   -673000.0000        0.0000   -673000.0000     4538340.897            0.00      1800000.00 
       0.0000   -673000.0000   405847.6331   -673000.0000     4538340.897            0.00      1800000.00 
  405847.6331   -673000.0000   663047.7376   -673000.0000     2841732.554            0.00      1800000.00 
  663047.7376   -673000.0000   791016.8047   -673000.0000     1412540.070            0.00      1800000.00 
  791016.8047   -673000.0000   850304.0636   -673000.0000      656606.962            0.00      1800000.00 
 -850304.0636   -223000.0000  -791016.8047   -223000.0000      656606.962            0.00      1800000.00 
 -791016.8047   -223000.0000  -663047.7376   -223000.0000     1412540.070            0.00      1800000.00 
 -663047.7376   -223000.0000  -405847.6331   -223000.0000     2841732.554            0.00      1800000.00 
 -405847.6331   -223000.0000        0.0000   -223000.0000     4538340.897            0.00      1800000.00 
       0.0000   -223000.0000   405847.6331   -223000.0000     4538340.897            0.00      1800000.00 
  405847.6331   -223000.0000   663047.7376   -223000.0000     2841732.554            0.00      1800000.00 
  663047.7376   -223000.0000   791016.8047   -223000.0000     1412540.070            0.00      1800000.00 
  791016.8047   -223000.0000   850304.0636   -223000.0000      656606.962            0.00      1800000.00 
 -850304.0636    223000.0000  -791016.8047    223000.0000      656606.962            0.00      1800000.00 
 -791016.8047    223000.0000  -663047.7376    223000.0000     1412540.070            0.00      1800000.00 
 -663047.7376    223000.0000  -405847.6331    223000.0000     2841732.554            0.00      1800000.00 
 -405847.6331    223000.0000        0.0000    223000.0000     4538340.897            0.00      1800000.00 
       0.0000    223000.0000   405847.6331    223000.0000     4538340.897            0.00      1800000.00 
  405847.6331    223000.0000   663047.7376    223000.0000     2841732.554            0.00      1800000.00 
  663047.7376    223000.0000   791016.8047    223000.0000     1412540.070            0.00      1800000.00 
  791016.8047    223000.0000   850304.0636    223000.0000      656606.962            0.00      1800000.00 
 -850304.0636    673000.0000  -791016.8047    673000.0000      656606.962            0.00      1800000.00 
 -791016.8047    673000.0000  -663047.7376    673000.0000     1412540.070            0.00      1800000.00 
 -663047.7376    673000.0000  -405847.6331    673000.0000     2841732.554            0.00      1800000.00 
 -405847.6331    673000.0000        0.0000    673000.0000     4538340.897            0.00      1800000.00 
       0.0000    673000.0000   405847.6331    673000.0000     4538340.897            0.00      1800000.00 
  405847.6331    673000.0000   663047.7376    673000.0000     2841732.554            0.00      1800000.00 
  663047.7376    673000.0000   791016.8047    673000.0000     1412540.070            0.00      1800000.00 
  791016.8047    673000.0000   850304.0636    673000.0000      656606.962            0.00      1800000.00 
 -850304.0636   1123000.0000  -791016.8047   1123000.0000      656606.962            0.00      1800000.00 
 -791016.8047   1123000.0000  -663047.7376   1123000.0000     1412540.070            0.00      1800000.00 
 -663047.7376   1123000.0000  -405847.6331   1123000.0000     2841732.554            0.00      1800000.00 
 -405847.6331   1123000.0000        0.0000   1123000.0000     4538340.897            0.00      1800000.00 
       0.0000   1123000.0000   405847.6331   1123000.0000     4538340.897            0.00      1800000.00 
  405847.6331   1123000.0000   663047.7376   1123000.0000     2841732.554            0.00      1800000.00 
  663047.7376   1123000.0000   791016.8047   1123000.0000     1412540.070            0.00      1800000.00 
  791016.8047   1123000.0000   850304.0636   1123000.0000      656606.962            0.00      1800000.00 
 -850304.0636   1573000.0000  -791016.8047   1573000.0000      656606.962            0.00      1800000.00 
 -791016.8047   1573000.0000  -663047.7376   1573000.0000     1412540.070            0.00      1800000.00 
 -663047.7376   1573000.0000  -405847.6331   1573000.0000     2841732.554            0.00      1800000.00 
 -405847.6331   1573000.0000        0.0000   1573000.0000     4538340.897            0.00      1800000.00 
       0.0000   1573000.0000   405847.6331   1573000.0000     4538340.897            0.00      1800000.00 
  405847.6331   1573000.0000   663047.7376   1573000.0000     2841732.554            0.00      1800000.00 
  663047.7376   1573000.0000   791016.8047   1573000.0000     1412540.070            0.00      1800000.00 
  791016.8047   1573000.0000   850304.0636   1573000.0000      656606.962            0.00      1800000.00 
