# このファイルは緯度・経度を用いた２点間の距離と方位角の計算結果（一括処理）です。
# 選択された楕円体は「GRS80」です。
# 出力項目は以下の通りです。
# 出発点緯度(dms) 出発点経度(dms) 到着点緯度(dms) 到着点経度(dms) 測地線長(m) 方位角1(dms) 方位角2(dms) コメント
#-----------------------------------------------------------------------------------------------------------------------
 -791016.8047  -1800000.0000  -791016.8047   -900000.0000     1705160.252      1342907.26      2253052.74 
 -405847.6331  -1800000.0000  -405847.6331   -900000.0000     7193430.662      1231608.80      2364351.20 
  405847.6331  -1800000.0000   405847.6331   -900000.0000     7193430.662       564351.20      3031608.80 
  791016.8047  -1800000.0000   791016.8047   -900000.0000     1705160.252       453052.74      3142907.26 
 -791016.8047   -900000.0000  -791016.8047         0.0000     1705160.252      1342907.26      2253052.74 
 -405847.6331   -900000.0000  -405847.6331         0.0000     7193430.662      1231608.80      2364351.20 
  405847.6331   -900000.0000   405847.6331         0.0000     7193430.662       564351.20      3031608.80 
  791016.8047   -900000.0000   791016.8047         0.0000     1705160.252       453052.74      3142907.26 
 -791016.8047         0.0000  -791016.8047    900000.0000     1705160.252      1342907.26      2253052.74 
 -405847.6331         0.0000  -405847.6331    900000.0000     7193430.662      1231608.80      2364351.20 
  405847.6331         0.0000   405847.6331    900000.0000     7193430.662       564351.20      3031608.80 
  791016.8047         0.0000   791016.8047    900000.0000     1705160.252       453052.74      3142907.26 
 -791016.8047    900000.0000  -791016.8047   1800000.0000     1705160.252      1342907.26      2253052.74 
 -405847.6331    900000.0000  -405847.6331   1800000.0000     7193430.662      1231608.80      2364351.20 
  405847.6331    900000.0000   405847.6331   1800000.0000     7193430.662       564351.20      3031608.80 
  791016.8047    900000.0000   791016.8047   1800000.0000     1705160.252       453052.74      3142907.26 
