# このファイルは緯度・経度を用いた２点間の距離と方位角の計算結果（一括処理）です。
# 選択された楕円体は「GRS80」です。
# 出力項目は以下の通りです。
# 出発点緯度(dms) 出発点経度(dms) 到着点緯度(dms) 到着点経度(dms) 測地線長(m) 方位角1(dms) 方位角2(dms) コメント
#-----------------------------------------------------------------------------------------------------------------------
 -824034.6259  -1800000.0000  -824034.6259  -1350000.0000      624591.687      1122004.35      2473955.65 
 -740110.3559  -1800000.0000  -740110.3559  -1350000.0000     1350638.109      1114246.11      2481713.89 
 -554635.6629  -1800000.0000  -554635.6629  -1350000.0000     2773528.999      1085423.62      2510536.38 
 -215634.9639  -1800000.0000  -215634.9639  -1350000.0000     4631048.023       984803.84      2611156.16 
  215634.9639  -1800000.0000   215634.9639  -1350000.0000     4631048.023       811156.16      2784803.84 
  554635.6629  -1800000.0000   554635.6629  -1350000.0000     2773528.999       710536.38      2885423.62 
  740110.3559  -1800000.0000   740110.3559  -1350000.0000     1350638.109       681713.89      2914246.11 
  824034.6259  -1800000.0000   824034.6259  -1350000.0000      624591.687       673955.65      2922004.35 
 -824034.6259  -1350000.0000  -824034.6259   -900000.0000      624591.687      1122004.35      2473955.65 
 -740110.3559  -1350000.0000  -740110.3559   -900000.0000     1350638.109      1114246.11      2481713.89 
 -554635.6629  -1350000.0000  -554635.6629   -900000.0000     2773528.999      1085423.62      2510536.38 
 -215634.9639  -1350000.0000  -215634.9639   -900000.0000     4631048.023       984803.84      2611156.16 
  215634.9639  -1350000.0000   215634.9639   -900000.0000     4631048.023       811156.16      2784803.84 
  554635.6629  -1350000.0000   554635.6629   -900000.0000     2773528.999       710536.38      2885423.62 
  740110.3559  -1350000.0000   740110.3559   -900000.0000     1350638.109       681713.89      2914246.11 
  824034.6259  -1350000.0000   824034.6259   -900000.0000      624591.687       673955.65      2922004.35 
 -824034.6259   -900000.0000  -824034.6259   -450000.0000      624591.687      1122004.35      2473955.65 
 -740110.3559   -900000.0000  -740110.3559   -450000.0000     1350638.109      1114246.11      2481713.89 
 -554635.6629   -900000.0000  -554635.6629   -450000.0000     2773528.999      1085423.62      2510536.38 
 -215634.9639   -900000.0000  -215634.9639   -450000.0000     4631048.023       984803.84      2611156.16 
  215634.9639   -900000.0000   215634.9639   -450000.0000     4631048.023       811156.16      2784803.84 
  554635.6629   -900000.0000   554635.6629   -450000.0000     2773528.999       710536.38      2885423.62 
  740110.3559   -900000.0000   740110.3559   -450000.0000     1350638.109       681713.89      2914246.11 
  824034.6259   -900000.0000   824034.6259   -450000.0000      624591.687       673955.65      2922004.35 
 -824034.6259   -450000.0000  -824034.6259         0.0000      624591.687      1122004.35      2473955.65 
 -740110.3559   -450000.0000  -740110.3559         0.0000     1350638.109      1114246.11      2481713.89 
 -554635.6629   -450000.0000  -554635.6629         0.0000     2773528.999      1085423.62      2510536.38 
 -215634.9639   -450000.0000  -215634.9639         0.0000     4631048.023       984803.84      2611156.16 
  215634.9639   -450000.0000   215634.9639         0.0000     4631048.023       811156.16      2784803.84 
  554635.6629   -450000.0000   554635.6629         0.0000     2773528.999       710536.38      2885423.62 
  740110.3559   -450000.0000   740110.3559         0.0000     1350638.109       681713.89      2914246.11 
  824034.6259   -450000.0000   824034.6259         0.0000      624591.687       673955.65      2922004.35 
 -824034.6259         0.0000  -824034.6259    450000.0000      624591.687      1122004.35      2473955.65 
 -740110.3559         0.0000  -740110.3559    450000.0000     1350638.109      1114246.11      2481713.89 
 -554635.6629         0.0000  -554635.6629    450000.0000     2773528.999      1085423.62      2510536.38 
 -215634.9639         0.0000  -215634.9639    450000.0000     4631048.023       984803.84      2611156.16 
  215634.9639         0.0000   215634.9639    450000.0000     4631048.023       811156.16      2784803.84 
  554635.6629         0.0000   554635.6629    450000.0000     2773528.999       710536.38      2885423.62 
  740110.3559         0.0000   740110.3559    450000.0000     1350638.109       681713.89      2914246.11 
  824034.6259         0.0000   824034.6259    450000.0000      624591.687       673955.65      2922004.35 
 -824034.6259    450000.0000  -824034.6259    900000.0000      624591.687      1122004.35      2473955.65 
 -740110.3559    450000.0000  -740110.3559    900000.0000     1350638.109      1114246.11      2481713.89 
 -554635.6629    450000.0000  -554635.6629    900000.0000     2773528.999      1085423.62      2510536.38 
 -215634.9639    450000.0000  -215634.9639    900000.0000     4631048.023       984803.84      2611156.16 
  215634.9639    450000.0000   215634.9639    900000.0000     4631048.023       811156.16      2784803.84 
  554635.6629    450000.0000   554635.6629    900000.0000     2773528.999       710536.38      2885423.62 
  740110.3559    450000.0000   740110.3559    900000.0000     1350638.109       681713.89      2914246.11 
  824034.6259    450000.0000   824034.6259    900000.0000      624591.687       673955.65      2922004.35 
 -824034.6259    900000.0000  -824034.6259   1350000.0000      624591.687      1122004.35      2473955.65 
 -740110.3559    900000.0000  -740110.3559   1350000.0000     1350638.109      1114246.11      2481713.89 
 -554635.6629    900000.0000  -554635.6629   1350000.0000     2773528.999      1085423.62      2510536.38 
 -215634.9639    900000.0000  -215634.9639   1350000.0000     4631048.023       984803.84      2611156.16 
  215634.9639    900000.0000   215634.9639   1350000.0000     4631048.023       811156.16      2784803.84 
  554635.6629    900000.0000   554635.6629   1350000.0000     2773528.999       710536.38      2885423.62 
  740110.3559    900000.0000   740110.3559   1350000.0000     1350638.109       681713.89      2914246.11 
  824034.6259    900000.0000   824034.6259   1350000.0000      624591.687       673955.65      2922004.35 
 -824034.6259   1350000.0000  -824034.6259   1800000.0000      624591.687      1122004.35      2473955.65 
 -740110.3559   1350000.0000  -740110.3559   1800000.0000     1350638.109      1114246.11      2481713.89 
 -554635.6629   1350000.0000  -554635.6629   1800000.0000     2773528.999      1085423.62      2510536.38 
 -215634.9639   1350000.0000  -215634.9639   1800000.0000     4631048.023       984803.84      2611156.16 
  215634.9639   1350000.0000   215634.9639   1800000.0000     4631048.023       811156.16      2784803.84 
  554635.6629   1350000.0000   554635.6629   1800000.0000     2773528.999       710536.38      2885423.62 
  740110.3559   1350000.0000   740110.3559   1800000.0000     1350638.109       681713.89      2914246.11 
  824034.6259   1350000.0000   824034.6259   1800000.0000      624591.687       673955.65      2922004.35 
