# このファイルは緯度・経度を用いた２点間の距離と方位角の計算結果（一括処理）です。
# 選択された楕円体は「GRS80」です。
# 出力項目は以下の通りです。
# 出発点緯度(dms) 出発点経度(dms) 到着点緯度(dms) 到着点経度(dms) 測地線長(m) 方位角1(dms) 方位角2(dms) コメント
#-----------------------------------------------------------------------------------------------------------------------
 -835845.3342  -1800000.0000  -835845.3342  -1573000.0000      261914.809      1011122.25      2584837.75 
 -810535.5699  -1800000.0000  -810535.5699  -1573000.0000      386631.221      1010703.87      2585256.13 
 -765026.9391  -1800000.0000  -765026.9391  -1573000.0000      568547.374      1005742.63      2590217.37 
 -703645.4113  -1800000.0000  -703645.4113  -1573000.0000      829159.640      1003737.34      2592222.66 
 -613623.0269  -1800000.0000  -613623.0269  -1573000.0000     1188192.016       995531.34      2600428.66 
 -485520.9974  -1800000.0000  -485520.9974  -1573000.0000     1642863.910       983140.03      2612819.97 
 -315707.7841  -1800000.0000  -315707.7841  -1573000.0000     2123329.802       960034.10      2635925.90 
 -111042.2467  -1800000.0000  -111042.2467  -1573000.0000     2456877.101       921230.70      2674729.30 
  111042.2467  -1800000.0000   111042.2467  -1573000.0000     2456877.101       874729.30      2721230.70 
  315707.7841  -1800000.0000   315707.7841  -1573000.0000     2123329.802       835925.90      2760034.10 
  485520.9974  -1800000.0000   485520.9974  -1573000.0000     1642863.910       812819.97      2783140.03 
  613623.0269  -1800000.0000   613623.0269  -1573000.0000     1188192.016       800428.66      2795531.34 
  703645.4113  -1800000.0000   703645.4113  -1573000.0000      829159.640       792222.66      2803737.34 
  765026.9391  -1800000.0000   765026.9391  -1573000.0000      568547.374       790217.37      2805742.63 
  810535.5699  -1800000.0000   810535.5699  -1573000.0000      386631.221       785256.13      2810703.87 
  835845.3342  -1800000.0000   835845.3342  -1573000.0000      261914.809       784837.75      2811122.25 
 -835845.3342  -1573000.0000  -835845.3342  -1350000.0000      261914.809      1011122.25      2584837.75 
 -810535.5699  -1573000.0000  -810535.5699  -1350000.0000      386631.221      1010703.87      2585256.13 
 -765026.9391  -1573000.0000  -765026.9391  -1350000.0000      568547.374      1005742.63      2590217.37 
 -703645.4113  -1573000.0000  -703645.4113  -1350000.0000      829159.640      1003737.34      2592222.66 
 -613623.0269  -1573000.0000  -613623.0269  -1350000.0000     1188192.016       995531.34      2600428.66 
 -485520.9974  -1573000.0000  -485520.9974  -1350000.0000     1642863.910       983140.03      2612819.97 
 -315707.7841  -1573000.0000  -315707.7841  -1350000.0000     2123329.802       960034.10      2635925.90 
 -111042.2467  -1573000.0000  -111042.2467  -1350000.0000     2456877.101       921230.70      2674729.30 
  111042.2467  -1573000.0000   111042.2467  -1350000.0000     2456877.101       874729.30      2721230.70 
  315707.7841  -1573000.0000   315707.7841  -1350000.0000     2123329.802       835925.90      2760034.10 
  485520.9974  -1573000.0000   485520.9974  -1350000.0000     1642863.910       812819.97      2783140.03 
  613623.0269  -1573000.0000   613623.0269  -1350000.0000     1188192.016       800428.66      2795531.34 
  703645.4113  -1573000.0000   703645.4113  -1350000.0000      829159.640       792222.66      2803737.34 
  765026.9391  -1573000.0000   765026.9391  -1350000.0000      568547.374       790217.37      2805742.63 
  810535.5699  -1573000.0000   810535.5699  -1350000.0000      386631.221       785256.13      2810703.87 
  835845.3342  -1573000.0000   835845.3342  -1350000.0000      261914.809       784837.75      2811122.25 
 -835845.3342  -1350000.0000  -835845.3342  -1123000.0000      261914.809      1011122.25      2584837.75 
 -810535.5699  -1350000.0000  -810535.5699  -1123000.0000      386631.221      1010703.87      2585256.13 
 -765026.9391  -1350000.0000  -765026.9391  -1123000.0000      568547.374      1005742.63      2590217.37 
 -703645.4113  -1350000.0000  -703645.4113  -1123000.0000      829159.640      1003737.34      2592222.66 
 -613623.0269  -1350000.0000  -613623.0269  -1123000.0000     1188192.016       995531.34      2600428.66 
 -485520.9974  -1350000.0000  -485520.9974  -1123000.0000     1642863.910       983140.03      2612819.97 
 -315707.7841  -1350000.0000  -315707.7841  -1123000.0000     2123329.802       960034.10      2635925.90 
 -111042.2467  -1350000.0000  -111042.2467  -1123000.0000     2456877.101       921230.70      2674729.30 
  111042.2467  -1350000.0000   111042.2467  -1123000.0000     2456877.101       874729.30      2721230.70 
  315707.7841  -1350000.0000   315707.7841  -1123000.0000     2123329.802       835925.90      2760034.10 
  485520.9974  -1350000.0000   485520.9974  -1123000.0000     1642863.910       812819.97      2783140.03 
  613623.0269  -1350000.0000   613623.0269  -1123000.0000     1188192.016       800428.66      2795531.34 
  703645.4113  -1350000.0000   703645.4113  -1123000.0000      829159.640       792222.66      2803737.34 
  765026.9391  -1350000.0000   765026.9391  -1123000.0000      568547.374       790217.37      2805742.63 
  810535.5699  -1350000.0000   810535.5699  -1123000.0000      386631.221       785256.13      2810703.87 
  835845.3342  -1350000.0000   835845.3342  -1123000.0000      261914.809       784837.75      2811122.25 
 -835845.3342  -1123000.0000  -835845.3342   -900000.0000      261914.809      1011122.25      2584837.75 
 -810535.5699  -1123000.0000  -810535.5699   -900000.0000      386631.221      1010703.87      2585256.13 
 -765026.9391  -1123000.0000  -765026.9391   -900000.0000      568547.374      1005742.63      2590217.37 
 -703645.4113  -1123000.0000  -703645.4113   -900000.0000      829159.640      1003737.34      2592222.66 
 -613623.0269  -1123000.0000  -613623.0269   -900000.0000     1188192.016       995531.34      2600428.66 
 -485520.9974  -1123000.0000  -485520.9974   -900000.0000     1642863.910       983140.03      2612819.97 
 -315707.7841  -1123000.0000  -315707.7841   -900000.0000     2123329.802       960034.10      2635925.90 
 -111042.2467  -1123000.0000  -111042.2467   -900000.0000     2456877.101       921230.70      2674729.30 
  111042.2467  -1123000.0000   111042.2467   -900000.0000     2456877.101       874729.30      2721230.70 
  315707.7841  -1123000.0000   315707.7841   -900000.0000     2123329.802       835925.90      2760034.10 
  485520.9974  -1123000.0000   485520.9974   -900000.0000     1642863.910       812819.97      2783140.03 
  613623.0269  -1123000.0000   613623.0269   -900000.0000     1188192.016       800428.66      2795531.34 
  703645.4113  -1123000.0000   703645.4113   -900000.0000      829159.640       792222.66      2803737.34 
  765026.9391  -1123000.0000   765026.9391   -900000.0000      568547.374       790217.37      2805742.63 
  810535.5699  -1123000.0000   810535.5699   -900000.0000      386631.221       785256.13      2810703.87 
  835845.3342  -1123000.0000   835845.3342   -900000.0000      261914.809       784837.75      2811122.25 
 -835845.3342   -900000.0000  -835845.3342   -673000.0000      261914.809      1011122.25      2584837.75 
 -810535.5699   -900000.0000  -810535.5699   -673000.0000      386631.221      1010703.87      2585256.13 
 -765026.9391   -900000.0000  -765026.9391   -673000.0000      568547.374      1005742.63      2590217.37 
 -703645.4113   -900000.0000  -703645.4113   -673000.0000      829159.640      1003737.34      2592222.66 
 -613623.0269   -900000.0000  -613623.0269   -673000.0000     1188192.016       995531.34      2600428.66 
 -485520.9974   -900000.0000  -485520.9974   -673000.0000     1642863.910       983140.03      2612819.97 
 -315707.7841   -900000.0000  -315707.7841   -673000.0000     2123329.802       960034.10      2635925.90 
 -111042.2467   -900000.0000  -111042.2467   -673000.0000     2456877.101       921230.70      2674729.30 
  111042.2467   -900000.0000   111042.2467   -673000.0000     2456877.101       874729.30      2721230.70 
  315707.7841   -900000.0000   315707.7841   -673000.0000     2123329.802       835925.90      2760034.10 
  485520.9974   -900000.0000   485520.9974   -673000.0000     1642863.910       812819.97      2783140.03 
  613623.0269   -900000.0000   613623.0269   -673000.0000     1188192.016       800428.66      2795531.34 
  703645.4113   -900000.0000   703645.4113   -673000.0000      829159.640       792222.66      2803737.34 
  765026.9391   -900000.0000   765026.9391   -673000.0000      568547.374       790217.37      2805742.63 
  810535.5699   -900000.0000   810535.5699   -673000.0000      386631.221       785256.13      2810703.87 
  835845.3342   -900000.0000   835845.3342   -673000.0000      261914.809       784837.75      2811122.25 
 -835845.3342   -673000.0000  -835845.3342   -450000.0000      261914.809      1011122.25      2584837.75 
 -810535.5699   -673000.0000  -810535.5699   -450000.0000      386631.221      1010703.87      2585256.13 
 -765026.9391   -673000.0000  -765026.9391   -450000.0000      568547.374      1005742.63      2590217.37 
 -703645.4113   -673000.0000  -703645.4113   -450000.0000      829159.640      1003737.34      2592222.66 
 -613623.0269   -673000.0000  -613623.0269   -450000.0000     1188192.016       995531.34      2600428.66 
 -485520.9974   -673000.0000  -485520.9974   -450000.0000     1642863.910       983140.03      2612819.97 
 -315707.7841   -673000.0000  -315707.7841   -450000.0000     2123329.802       960034.10      2635925.90 
 -111042.2467   -673000.0000  -111042.2467   -450000.0000     2456877.101       921230.70      2674729.30 
  111042.2467   -673000.0000   111042.2467   -450000.0000     2456877.101       874729.30      2721230.70 
  315707.7841   -673000.0000   315707.7841   -450000.0000     2123329.802       835925.90      2760034.10 
  485520.9974   -673000.0000   485520.9974   -450000.0000     1642863.910       812819.97      2783140.03 
  613623.0269   -673000.0000   613623.0269   -450000.0000     1188192.016       800428.66      2795531.34 
  703645.4113   -673000.0000   703645.4113   -450000.0000      829159.640       792222.66      2803737.34 
  765026.9391   -673000.0000   765026.9391   -450000.0000      568547.374       790217.37      2805742.63 
  810535.5699   -673000.0000   810535.5699   -450000.0000      386631.221       785256.13      2810703.87 
  835845.3342   -673000.0000   835845.3342   -450000.0000      261914.809       784837.75      2811122.25 
 -835845.3342   -450000.0000  -835845.3342   -223000.0000      261914.809      1011122.25      2584837.75 
 -810535.5699   -450000.0000  -810535.5699   -223000.0000      386631.221      1010703.87      2585256.13 
 -765026.9391   -450000.0000  -765026.9391   -223000.0000      568547.374      1005742.63      2590217.37 
 -703645.4113   -450000.0000  -703645.4113   -223000.0000      829159.640      1003737.34      2592222.66 
 -613623.0269   -450000.0000  -613623.0269   -223000.0000     1188192.016       995531.34      2600428.66 
 -485520.9974   -450000.0000  -485520.9974   -223000.0000     1642863.910       983140.03      2612819.97 
 -315707.7841   -450000.0000  -315707.7841   -223000.0000     2123329.802       960034.10      2635925.90 
 -111042.2467   -450000.0000  -111042.2467   -223000.0000     2456877.101       921230.70      2674729.30 
  111042.2467   -450000.0000   111042.2467   -223000.0000     2456877.101       874729.30      2721230.70 
  315707.7841   -450000.0000   315707.7841   -223000.0000     2123329.802       835925.90      2760034.10 
  485520.9974   -450000.0000   485520.9974   -223000.0000     1642863.910       812819.97      2783140.03 
  613623.0269   -450000.0000   613623.0269   -223000.0000     1188192.016       800428.66      2795531.34 
  703645.4113   -450000.0000   703645.4113   -223000.0000      829159.640       792222.66      2803737.34 
  765026.9391   -450000.0000   765026.9391   -223000.0000      568547.374       790217.37      2805742.63 
  810535.5699   -450000.0000   810535.5699   -223000.0000      386631.221       785256.13      2810703.87 
  835845.3342   -450000.0000   835845.3342   -223000.0000      261914.809       784837.75      2811122.25 
 -835845.3342   -223000.0000  -835845.3342         0.0000      261914.809      1011122.25      2584837.75 
 -810535.5699   -223000.0000  -810535.5699         0.0000      386631.221      1010703.87      2585256.13 
 -765026.9391   -223000.0000  -765026.9391         0.0000      568547.374      1005742.63      2590217.37 
 -703645.4113   -223000.0000  -703645.4113         0.0000      829159.640      1003737.34      2592222.66 
 -613623.0269   -223000.0000  -613623.0269         0.0000     1188192.016       995531.34      2600428.66 
 -485520.9974   -223000.0000  -485520.9974         0.0000     1642863.910       983140.03      2612819.97 
 -315707.7841   -223000.0000  -315707.7841         0.0000     2123329.802       960034.10      2635925.90 
 -111042.2467   -223000.0000  -111042.2467         0.0000     2456877.101       921230.70      2674729.30 
  111042.2467   -223000.0000   111042.2467         0.0000     2456877.101       874729.30      2721230.70 
  315707.7841   -223000.0000   315707.7841         0.0000     2123329.802       835925.90      2760034.10 
  485520.9974   -223000.0000   485520.9974         0.0000     1642863.910       812819.97      2783140.03 
  613623.0269   -223000.0000   613623.0269         0.0000     1188192.016       800428.66      2795531.34 
  703645.4113   -223000.0000   703645.4113         0.0000      829159.640       792222.66      2803737.34 
  765026.9391   -223000.0000   765026.9391         0.0000      568547.374       790217.37      2805742.63 
  810535.5699   -223000.0000   810535.5699         0.0000      386631.221       785256.13      2810703.87 
  835845.3342   -223000.0000   835845.3342         0.0000      261914.809       784837.75      2811122.25 
 -835845.3342         0.0000  -835845.3342    223000.0000      261914.809      1011122.25      2584837.75 
 -810535.5699         0.0000  -810535.5699    223000.0000      386631.221      1010703.87      2585256.13 
 -765026.9391         0.0000  -765026.9391    223000.0000      568547.374      1005742.63      2590217.37 
 -703645.4113         0.0000  -703645.4113    223000.0000      829159.640      1003737.34      2592222.66 
 -613623.0269         0.0000  -613623.0269    223000.0000     1188192.016       995531.34      2600428.66 
 -485520.9974         0.0000  -485520.9974    223000.0000     1642863.910       983140.03      2612819.97 
 -315707.7841         0.0000  -315707.7841    223000.0000     2123329.802       960034.10      2635925.90 
 -111042.2467         0.0000  -111042.2467    223000.0000     2456877.101       921230.70      2674729.30 
  111042.2467         0.0000   111042.2467    223000.0000     2456877.101       874729.30      2721230.70 
  315707.7841         0.0000   315707.7841    223000.0000     2123329.802       835925.90      2760034.10 
  485520.9974         0.0000   485520.9974    223000.0000     1642863.910       812819.97      2783140.03 
  613623.0269         0.0000   613623.0269    223000.0000     1188192.016       800428.66      2795531.34 
  703645.4113         0.0000   703645.4113    223000.0000      829159.640       792222.66      2803737.34 
  765026.9391         0.0000   765026.9391    223000.0000      568547.374       790217.37      2805742.63 
  810535.5699         0.0000   810535.5699    223000.0000      386631.221       785256.13      2810703.87 
  835845.3342         0.0000   835845.3342    223000.0000      261914.809       784837.75      2811122.25 
 -835845.3342    223000.0000  -835845.3342    450000.0000      261914.809      1011122.25      2584837.75 
 -810535.5699    223000.0000  -810535.5699    450000.0000      386631.221      1010703.87      2585256.13 
 -765026.9391    223000.0000  -765026.9391    450000.0000      568547.374      1005742.63      2590217.37 
 -703645.4113    223000.0000  -703645.4113    450000.0000      829159.640      1003737.34      2592222.66 
 -613623.0269    223000.0000  -613623.0269    450000.0000     1188192.016       995531.34      2600428.66 
 -485520.9974    223000.0000  -485520.9974    450000.0000     1642863.910       983140.03      2612819.97 
 -315707.7841    223000.0000  -315707.7841    450000.0000     2123329.802       960034.10      2635925.90 
 -111042.2467    223000.0000  -111042.2467    450000.0000     2456877.101       921230.70      2674729.30 
  111042.2467    223000.0000   111042.2467    450000.0000     2456877.101       874729.30      2721230.70 
  315707.7841    223000.0000   315707.7841    450000.0000     2123329.802       835925.90      2760034.10 
  485520.9974    223000.0000   485520.9974    450000.0000     1642863.910       812819.97      2783140.03 
  613623.0269    223000.0000   613623.0269    450000.0000     1188192.016       800428.66      2795531.34 
  703645.4113    223000.0000   703645.4113    450000.0000      829159.640       792222.66      2803737.34 
  765026.9391    223000.0000   765026.9391    450000.0000      568547.374       790217.37      2805742.63 
  810535.5699    223000.0000   810535.5699    450000.0000      386631.221       785256.13      2810703.87 
  835845.3342    223000.0000   835845.3342    450000.0000      261914.809       784837.75      2811122.25 
 -835845.3342    450000.0000  -835845.3342    673000.0000      261914.809      1011122.25      2584837.75 
 -810535.5699    450000.0000  -810535.5699    673000.0000      386631.221      1010703.87      2585256.13 
 -765026.9391    450000.0000  -765026.9391    673000.0000      568547.374      1005742.63      2590217.37 
 -703645.4113    450000.0000  -703645.4113    673000.0000      829159.640      1003737.34      2592222.66 
 -613623.0269    450000.0000  -613623.0269    673000.0000     1188192.016       995531.34      2600428.66 
 -485520.9974    450000.0000  -485520.9974    673000.0000     1642863.910       983140.03      2612819.97 
 -315707.7841    450000.0000  -315707.7841    673000.0000     2123329.802       960034.10      2635925.90 
 -111042.2467    450000.0000  -111042.2467    673000.0000     2456877.101       921230.70      2674729.30 
  111042.2467    450000.0000   111042.2467    673000.0000     2456877.101       874729.30      2721230.70 
  315707.7841    450000.0000   315707.7841    673000.0000     2123329.802       835925.90      2760034.10 
  485520.9974    450000.0000   485520.9974    673000.0000     1642863.910       812819.97      2783140.03 
  613623.0269    450000.0000   613623.0269    673000.0000     1188192.016       800428.66      2795531.34 
  703645.4113    450000.0000   703645.4113    673000.0000      829159.640       792222.66      2803737.34 
  765026.9391    450000.0000   765026.9391    673000.0000      568547.374       790217.37      2805742.63 
  810535.5699    450000.0000   810535.5699    673000.0000      386631.221       785256.13      2810703.87 
  835845.3342    450000.0000   835845.3342    673000.0000      261914.809       784837.75      2811122.25 
 -835845.3342    673000.0000  -835845.3342    900000.0000      261914.809      1011122.25      2584837.75 
 -810535.5699    673000.0000  -810535.5699    900000.0000      386631.221      1010703.87      2585256.13 
 -765026.9391    673000.0000  -765026.9391    900000.0000      568547.374      1005742.63      2590217.37 
 -703645.4113    673000.0000  -703645.4113    900000.0000      829159.640      1003737.34      2592222.66 
 -613623.0269    673000.0000  -613623.0269    900000.0000     1188192.016       995531.34      2600428.66 
 -485520.9974    673000.0000  -485520.9974    900000.0000     1642863.910       983140.03      2612819.97 
 -315707.7841    673000.0000  -315707.7841    900000.0000     2123329.802       960034.10      2635925.90 
 -111042.2467    673000.0000  -111042.2467    900000.0000     2456877.101       921230.70      2674729.30 
  111042.2467    673000.0000   111042.2467    900000.0000     2456877.101       874729.30      2721230.70 
  315707.7841    673000.0000   315707.7841    900000.0000     2123329.802       835925.90      2760034.10 
  485520.9974    673000.0000   485520.9974    900000.0000     1642863.910       812819.97      2783140.03 
  613623.0269    673000.0000   613623.0269    900000.0000     1188192.016       800428.66      2795531.34 
  703645.4113    673000.0000   703645.4113    900000.0000      829159.640       792222.66      2803737.34 
  765026.9391    673000.0000   765026.9391    900000.0000      568547.374       790217.37      2805742.63 
  810535.5699    673000.0000   810535.5699    900000.0000      386631.221       785256.13      2810703.87 
  835845.3342    673000.0000   835845.3342    900000.0000      261914.809       784837.75      2811122.25 
 -835845.3342    900000.0000  -835845.3342   1123000.0000      261914.809      1011122.25      2584837.75 
 -810535.5699    900000.0000  -810535.5699   1123000.0000      386631.221      1010703.87      2585256.13 
 -765026.9391    900000.0000  -765026.9391   1123000.0000      568547.374      1005742.63      2590217.37 
 -703645.4113    900000.0000  -703645.4113   1123000.0000      829159.640      1003737.34      2592222.66 
 -613623.0269    900000.0000  -613623.0269   1123000.0000     1188192.016       995531.34      2600428.66 
 -485520.9974    900000.0000  -485520.9974   1123000.0000     1642863.910       983140.03      2612819.97 
 -315707.7841    900000.0000  -315707.7841   1123000.0000     2123329.802       960034.10      2635925.90 
 -111042.2467    900000.0000  -111042.2467   1123000.0000     2456877.101       921230.70      2674729.30 
  111042.2467    900000.0000   111042.2467   1123000.0000     2456877.101       874729.30      2721230.70 
  315707.7841    900000.0000   315707.7841   1123000.0000     2123329.802       835925.90      2760034.10 
  485520.9974    900000.0000   485520.9974   1123000.0000     1642863.910       812819.97      2783140.03 
  613623.0269    900000.0000   613623.0269   1123000.0000     1188192.016       800428.66      2795531.34 
  703645.4113    900000.0000   703645.4113   1123000.0000      829159.640       792222.66      2803737.34 
  765026.9391    900000.0000   765026.9391   1123000.0000      568547.374       790217.37      2805742.63 
  810535.5699    900000.0000   810535.5699   1123000.0000      386631.221       785256.13      2810703.87 
  835845.3342    900000.0000   835845.3342   1123000.0000      261914.809       784837.75      2811122.25 
 -835845.3342   1123000.0000  -835845.3342   1350000.0000      261914.809      1011122.25      2584837.75 
 -810535.5699   1123000.0000  -810535.5699   1350000.0000      386631.221      1010703.87      2585256.13 
 -765026.9391   1123000.0000  -765026.9391   1350000.0000      568547.374      1005742.63      2590217.37 
 -703645.4113   1123000.0000  -703645.4113   1350000.0000      829159.640      1003737.34      2592222.66 
 -613623.0269   1123000.0000  -613623.0269   1350000.0000     1188192.016       995531.34      2600428.66 
 -485520.9974   1123000.0000  -485520.9974   1350000.0000     1642863.910       983140.03      2612819.97 
 -315707.7841   1123000.0000  -315707.7841   1350000.0000     2123329.802       960034.10      2635925.90 
 -111042.2467   1123000.0000  -111042.2467   1350000.0000     2456877.101       921230.70      2674729.30 
  111042.2467   1123000.0000   111042.2467   1350000.0000     2456877.101       874729.30      2721230.70 
  315707.7841   1123000.0000   315707.7841   1350000.0000     2123329.802       835925.90      2760034.10 
  485520.9974   1123000.0000   485520.9974   1350000.0000     1642863.910       812819.97      2783140.03 
  613623.0269   1123000.0000   613623.0269   1350000.0000     1188192.016       800428.66      2795531.34 
  703645.4113   1123000.0000   703645.4113   1350000.0000      829159.640       792222.66      2803737.34 
  765026.9391   1123000.0000   765026.9391   1350000.0000      568547.374       790217.37      2805742.63 
  810535.5699   1123000.0000   810535.5699   1350000.0000      386631.221       785256.13      2810703.87 
  835845.3342   1123000.0000   835845.3342   1350000.0000      261914.809       784837.75      2811122.25 
 -835845.3342   1350000.0000  -835845.3342   1573000.0000      261914.809      1011122.25      2584837.75 
 -810535.5699   1350000.0000  -810535.5699   1573000.0000      386631.221      1010703.87      2585256.13 
 -765026.9391   1350000.0000  -765026.9391   1573000.0000      568547.374      1005742.63      2590217.37 
 -703645.4113   1350000.0000  -703645.4113   1573000.0000      829159.640      1003737.34      2592222.66 
 -613623.0269   1350000.0000  -613623.0269   1573000.0000     1188192.016       995531.34      2600428.66 
 -485520.9974   1350000.0000  -485520.9974   1573000.0000     1642863.910       983140.03      2612819.97 
 -315707.7841   1350000.0000  -315707.7841   1573000.0000     2123329.802       960034.10      2635925.90 
 -111042.2467   1350000.0000  -111042.2467   1573000.0000     2456877.101       921230.70      2674729.30 
  111042.2467   1350000.0000   111042.2467   1573000.0000     2456877.101       874729.30      2721230.70 
  315707.7841   1350000.0000   315707.7841   1573000.0000     2123329.802       835925.90      2760034.10 
  485520.9974   1350000.0000   485520.9974   1573000.0000     1642863.910       812819.97      2783140.03 
  613623.0269   1350000.0000   613623.0269   1573000.0000     1188192.016       800428.66      2795531.34 
  703645.4113   1350000.0000   703645.4113   1573000.0000      829159.640       792222.66      2803737.34 
  765026.9391   1350000.0000   765026.9391   1573000.0000      568547.374       790217.37      2805742.63 
  810535.5699   1350000.0000   810535.5699   1573000.0000      386631.221       785256.13      2810703.87 
  835845.3342   1350000.0000   835845.3342   1573000.0000      261914.809       784837.75      2811122.25 
 -835845.3342   1573000.0000  -835845.3342   1800000.0000      261914.809      1011122.25      2584837.75 
 -810535.5699   1573000.0000  -810535.5699   1800000.0000      386631.221      1010703.87      2585256.13 
 -765026.9391   1573000.0000  -765026.9391   1800000.0000      568547.374      1005742.63      2590217.37 
 -703645.4113   1573000.0000  -703645.4113   1800000.0000      829159.640      1003737.34      2592222.66 
 -613623.0269   1573000.0000  -613623.0269   1800000.0000     1188192.016       995531.34      2600428.66 
 -485520.9974   1573000.0000  -485520.9974   1800000.0000     1642863.910       983140.03      2612819.97 
 -315707.7841   1573000.0000  -315707.7841   1800000.0000     2123329.802       960034.10      2635925.90 
 -111042.2467   1573000.0000  -111042.2467   1800000.0000     2456877.101       921230.70      2674729.30 
  111042.2467   1573000.0000   111042.2467   1800000.0000     2456877.101       874729.30      2721230.70 
  315707.7841   1573000.0000   315707.7841   1800000.0000     2123329.802       835925.90      2760034.10 
  485520.9974   1573000.0000   485520.9974   1800000.0000     1642863.910       812819.97      2783140.03 
  613623.0269   1573000.0000   613623.0269   1800000.0000     1188192.016       800428.66      2795531.34 
  703645.4113   1573000.0000   703645.4113   1800000.0000      829159.640       792222.66      2803737.34 
  765026.9391   1573000.0000   765026.9391   1800000.0000      568547.374       790217.37      2805742.63 
  810535.5699   1573000.0000   810535.5699   1800000.0000      386631.221       785256.13      2810703.87 
  835845.3342   1573000.0000   835845.3342   1800000.0000      261914.809       784837.75      2811122.25 
