# このファイルは緯度・経度を用いた２点間の距離と方位角の計算結果（一括処理）です。
# 選択された楕円体は「GRS80」です。
# 出力項目は以下の通りです。
# 出発点緯度(dms) 出発点経度(dms) 到着点緯度(dms) 到着点経度(dms) 測地線長(m) 方位角1(dms) 方位角2(dms) コメント
#-----------------------------------------------------------------------------------------------------------------------
 -850304.0636  -1684500.0000  -824034.6259  -1684500.0000      265224.743            0.00      1800000.00 
 -824034.6259  -1684500.0000  -791016.8047  -1684500.0000      391382.219            0.00      1800000.00 
 -791016.8047  -1684500.0000  -740110.3559  -1684500.0000      575108.102            0.00      1800000.00 
 -740110.3559  -1684500.0000  -663047.7376  -1684500.0000      837431.968            0.00      1800000.00 
 -663047.7376  -1684500.0000  -554635.6629  -1684500.0000     1196386.754            0.00      1800000.00 
 -554635.6629  -1684500.0000  -405847.6331  -1684500.0000     1645345.801            0.00      1800000.00 
 -405847.6331  -1684500.0000  -215634.9639  -1684500.0000     2110846.981            0.00      1800000.00 
 -215634.9639  -1684500.0000        0.0000  -1684500.0000     2427493.916            0.00      1800000.00 
       0.0000  -1684500.0000   215634.9639  -1684500.0000     2427493.916            0.00      1800000.00 
  215634.9639  -1684500.0000   405847.6331  -1684500.0000     2110846.981            0.00      1800000.00 
  405847.6331  -1684500.0000   554635.6629  -1684500.0000     1645345.801            0.00      1800000.00 
  554635.6629  -1684500.0000   663047.7376  -1684500.0000     1196386.754            0.00      1800000.00 
  663047.7376  -1684500.0000   740110.3559  -1684500.0000      837431.968            0.00      1800000.00 
  740110.3559  -1684500.0000   791016.8047  -1684500.0000      575108.102            0.00      1800000.00 
  791016.8047  -1684500.0000   824034.6259  -1684500.0000      391382.219            0.00      1800000.00 
  824034.6259  -1684500.0000   850304.0636  -1684500.0000      265224.743            0.00      1800000.00 
 -850304.0636  -1461500.0000  -824034.6259  -1461500.0000      265224.743            0.00      1800000.00 
 -824034.6259  -1461500.0000  -791016.8047  -1461500.0000      391382.219            0.00      1800000.00 
 -791016.8047  -1461500.0000  -740110.3559  -1461500.0000      575108.102            0.00      1800000.00 
 -740110.3559  -1461500.0000  -663047.7376  -1461500.0000      837431.968            0.00      1800000.00 
 -663047.7376  -1461500.0000  -554635.6629  -1461500.0000     1196386.754            0.00      1800000.00 
 -554635.6629  -1461500.0000  -405847.6331  -1461500.0000     1645345.801            0.00      1800000.00 
 -405847.6331  -1461500.0000  -215634.9639  -1461500.0000     2110846.981            0.00      1800000.00 
 -215634.9639  -1461500.0000        0.0000  -1461500.0000     2427493.916            0.00      1800000.00 
       0.0000  -1461500.0000   215634.9639  -1461500.0000     2427493.916            0.00      1800000.00 
  215634.9639  -1461500.0000   405847.6331  -1461500.0000     2110846.981            0.00      1800000.00 
  405847.6331  -1461500.0000   554635.6629  -1461500.0000     1645345.801            0.00      1800000.00 
  554635.6629  -1461500.0000   663047.7376  -1461500.0000     1196386.754            0.00      1800000.00 
  663047.7376  -1461500.0000   740110.3559  -1461500.0000      837431.968            0.00      1800000.00 
  740110.3559  -1461500.0000   791016.8047  -1461500.0000      575108.102            0.00      1800000.00 
  791016.8047  -1461500.0000   824034.6259  -1461500.0000      391382.219            0.00      1800000.00 
  824034.6259  -1461500.0000   850304.0636  -1461500.0000      265224.743            0.00      1800000.00 
 -850304.0636  -1234500.0000  -824034.6259  -1234500.0000      265224.743            0.00      1800000.00 
 -824034.6259  -1234500.0000  -791016.8047  -1234500.0000      391382.219            0.00      1800000.00 
 -791016.8047  -1234500.0000  -740110.3559  -1234500.0000      575108.102            0.00      1800000.00 
 -740110.3559  -1234500.0000  -663047.7376  -1234500.0000      837431.968            0.00      1800000.00 
 -663047.7376  -1234500.0000  -554635.6629  -1234500.0000     1196386.754            0.00      1800000.00 
 -554635.6629  -1234500.0000  -405847.6331  -1234500.0000     1645345.801            0.00      1800000.00 
 -405847.6331  -1234500.0000  -215634.9639  -1234500.0000     2110846.981            0.00      1800000.00 
 -215634.9639  -1234500.0000        0.0000  -1234500.0000     2427493.916            0.00      1800000.00 
       0.0000  -1234500.0000   215634.9639  -1234500.0000     2427493.916            0.00      1800000.00 
  215634.9639  -1234500.0000   405847.6331  -1234500.0000     2110846.981            0.00      1800000.00 
  405847.6331  -1234500.0000   554635.6629  -1234500.0000     1645345.801            0.00      1800000.00 
  554635.6629  -1234500.0000   663047.7376  -1234500.0000     1196386.754            0.00      1800000.00 
  663047.7376  -1234500.0000   740110.3559  -1234500.0000      837431.968            0.00      1800000.00 
  740110.3559  -1234500.0000   791016.8047  -1234500.0000      575108.102            0.00      1800000.00 
  791016.8047  -1234500.0000   824034.6259  -1234500.0000      391382.219            0.00      1800000.00 
  824034.6259  -1234500.0000   850304.0636  -1234500.0000      265224.743            0.00      1800000.00 
 -850304.0636  -1011500.0000  -824034.6259  -1011500.0000      265224.743            0.00      1800000.00 
 -824034.6259  -1011500.0000  -791016.8047  -1011500.0000      391382.219            0.00      1800000.00 
 -791016.8047  -1011500.0000  -740110.3559  -1011500.0000      575108.102            0.00      1800000.00 
 -740110.3559  -1011500.0000  -663047.7376  -1011500.0000      837431.968            0.00      1800000.00 
 -663047.7376  -1011500.0000  -554635.6629  -1011500.0000     1196386.754            0.00      1800000.00 
 -554635.6629  -1011500.0000  -405847.6331  -1011500.0000     1645345.801            0.00      1800000.00 
 -405847.6331  -1011500.0000  -215634.9639  -1011500.0000     2110846.981            0.00      1800000.00 
 -215634.9639  -1011500.0000        0.0000  -1011500.0000     2427493.916            0.00      1800000.00 
       0.0000  -1011500.0000   215634.9639  -1011500.0000     2427493.916            0.00      1800000.00 
  215634.9639  -1011500.0000   405847.6331  -1011500.0000     2110846.981            0.00      1800000.00 
  405847.6331  -1011500.0000   554635.6629  -1011500.0000     1645345.801            0.00      1800000.00 
  554635.6629  -1011500.0000   663047.7376  -1011500.0000     1196386.754            0.00      1800000.00 
  663047.7376  -1011500.0000   740110.3559  -1011500.0000      837431.968            0.00      1800000.00 
  740110.3559  -1011500.0000   791016.8047  -1011500.0000      575108.102            0.00      1800000.00 
  791016.8047  -1011500.0000   824034.6259  -1011500.0000      391382.219            0.00      1800000.00 
  824034.6259  -1011500.0000   850304.0636  -1011500.0000      265224.743            0.00      1800000.00 
 -850304.0636   -784500.0000  -824034.6259   -784500.0000      265224.743            0.00      1800000.00 
 -824034.6259   -784500.0000  -791016.8047   -784500.0000      391382.219            0.00      1800000.00 
 -791016.8047   -784500.0000  -740110.3559   -784500.0000      575108.102            0.00      1800000.00 
 -740110.3559   -784500.0000  -663047.7376   -784500.0000      837431.968            0.00      1800000.00 
 -663047.7376   -784500.0000  -554635.6629   -784500.0000     1196386.754            0.00      1800000.00 
 -554635.6629   -784500.0000  -405847.6331   -784500.0000     1645345.801            0.00      1800000.00 
 -405847.6331   -784500.0000  -215634.9639   -784500.0000     2110846.981            0.00      1800000.00 
 -215634.9639   -784500.0000        0.0000   -784500.0000     2427493.916            0.00      1800000.00 
       0.0000   -784500.0000   215634.9639   -784500.0000     2427493.916            0.00      1800000.00 
  215634.9639   -784500.0000   405847.6331   -784500.0000     2110846.981            0.00      1800000.00 
  405847.6331   -784500.0000   554635.6629   -784500.0000     1645345.801            0.00      1800000.00 
  554635.6629   -784500.0000   663047.7376   -784500.0000     1196386.754            0.00      1800000.00 
  663047.7376   -784500.0000   740110.3559   -784500.0000      837431.968            0.00      1800000.00 
  740110.3559   -784500.0000   791016.8047   -784500.0000      575108.102            0.00      1800000.00 
  791016.8047   -784500.0000   824034.6259   -784500.0000      391382.219            0.00      1800000.00 
  824034.6259   -784500.0000   850304.0636   -784500.0000      265224.743            0.00      1800000.00 
 -850304.0636   -561500.0000  -824034.6259   -561500.0000      265224.743            0.00      1800000.00 
 -824034.6259   -561500.0000  -791016.8047   -561500.0000      391382.219            0.00      1800000.00 
 -791016.8047   -561500.0000  -740110.3559   -561500.0000      575108.102            0.00      1800000.00 
 -740110.3559   -561500.0000  -663047.7376   -561500.0000      837431.968            0.00      1800000.00 
 -663047.7376   -561500.0000  -554635.6629   -561500.0000     1196386.754            0.00      1800000.00 
 -554635.6629   -561500.0000  -405847.6331   -561500.0000     1645345.801            0.00      1800000.00 
 -405847.6331   -561500.0000  -215634.9639   -561500.0000     2110846.981            0.00      1800000.00 
 -215634.9639   -561500.0000        0.0000   -561500.0000     2427493.916            0.00      1800000.00 
       0.0000   -561500.0000   215634.9639   -561500.0000     2427493.916            0.00      1800000.00 
  215634.9639   -561500.0000   405847.6331   -561500.0000     2110846.981            0.00      1800000.00 
  405847.6331   -561500.0000   554635.6629   -561500.0000     1645345.801            0.00      1800000.00 
  554635.6629   -561500.0000   663047.7376   -561500.0000     1196386.754            0.00      1800000.00 
  663047.7376   -561500.0000   740110.3559   -561500.0000      837431.968            0.00      1800000.00 
  740110.3559   -561500.0000   791016.8047   -561500.0000      575108.102            0.00      1800000.00 
  791016.8047   -561500.0000   824034.6259   -561500.0000      391382.219            0.00      1800000.00 
  824034.6259   -561500.0000   850304.0636   -561500.0000      265224.743            0.00      1800000.00 
 -850304.0636   -334500.0000  -824034.6259   -334500.0000      265224.743            0.00      1800000.00 
 -824034.6259   -334500.0000  -791016.8047   -334500.0000      391382.219            0.00      1800000.00 
 -791016.8047   -334500.0000  -740110.3559   -334500.0000      575108.102            0.00      1800000.00 
 -740110.3559   -334500.0000  -663047.7376   -334500.0000      837431.968            0.00      1800000.00 
 -663047.7376   -334500.0000  -554635.6629   -334500.0000     1196386.754            0.00      1800000.00 
 -554635.6629   -334500.0000  -405847.6331   -334500.0000     1645345.801            0.00      1800000.00 
 -405847.6331   -334500.0000  -215634.9639   -334500.0000     2110846.981            0.00      1800000.00 
 -215634.9639   -334500.0000        0.0000   -334500.0000     2427493.916            0.00      1800000.00 
       0.0000   -334500.0000   215634.9639   -334500.0000     2427493.916            0.00      1800000.00 
  215634.9639   -334500.0000   405847.6331   -334500.0000     2110846.981            0.00      1800000.00 
  405847.6331   -334500.0000   554635.6629   -334500.0000     1645345.801            0.00      1800000.00 
  554635.6629   -334500.0000   663047.7376   -334500.0000     1196386.754            0.00      1800000.00 
  663047.7376   -334500.0000   740110.3559   -334500.0000      837431.968            0.00      1800000.00 
  740110.3559   -334500.0000   791016.8047   -334500.0000      575108.102            0.00      1800000.00 
  791016.8047   -334500.0000   824034.6259   -334500.0000      391382.219            0.00      1800000.00 
  824034.6259   -334500.0000   850304.0636   -334500.0000      265224.743            0.00      1800000.00 
 -850304.0636   -111500.0000  -824034.6259   -111500.0000      265224.743            0.00      1800000.00 
 -824034.6259   -111500.0000  -791016.8047   -111500.0000      391382.219            0.00      1800000.00 
 -791016.8047   -111500.0000  -740110.3559   -111500.0000      575108.102            0.00      1800000.00 
 -740110.3559   -111500.0000  -663047.7376   -111500.0000      837431.968            0.00      1800000.00 
 -663047.7376   -111500.0000  -554635.6629   -111500.0000     1196386.754            0.00      1800000.00 
 -554635.6629   -111500.0000  -405847.6331   -111500.0000     1645345.801            0.00      1800000.00 
 -405847.6331   -111500.0000  -215634.9639   -111500.0000     2110846.981            0.00      1800000.00 
 -215634.9639   -111500.0000        0.0000   -111500.0000     2427493.916            0.00      1800000.00 
       0.0000   -111500.0000   215634.9639   -111500.0000     2427493.916            0.00      1800000.00 
  215634.9639   -111500.0000   405847.6331   -111500.0000     2110846.981            0.00      1800000.00 
  405847.6331   -111500.0000   554635.6629   -111500.0000     1645345.801            0.00      1800000.00 
  554635.6629   -111500.0000   663047.7376   -111500.0000     1196386.754            0.00      1800000.00 
  663047.7376   -111500.0000   740110.3559   -111500.0000      837431.968            0.00      1800000.00 
  740110.3559   -111500.0000   791016.8047   -111500.0000      575108.102            0.00      1800000.00 
  791016.8047   -111500.0000   824034.6259   -111500.0000      391382.219            0.00      1800000.00 
  824034.6259   -111500.0000   850304.0636   -111500.0000      265224.743            0.00      1800000.00 
 -850304.0636    111500.0000  -824034.6259    111500.0000      265224.743            0.00      1800000.00 
 -824034.6259    111500.0000  -791016.8047    111500.0000      391382.219            0.00      1800000.00 
 -791016.8047    111500.0000  -740110.3559    111500.0000      575108.102            0.00      1800000.00 
 -740110.3559    111500.0000  -663047.7376    111500.0000      837431.968            0.00      1800000.00 
 -663047.7376    111500.0000  -554635.6629    111500.0000     1196386.754            0.00      1800000.00 
 -554635.6629    111500.0000  -405847.6331    111500.0000     1645345.801            0.00      1800000.00 
 -405847.6331    111500.0000  -215634.9639    111500.0000     2110846.981            0.00      1800000.00 
 -215634.9639    111500.0000        0.0000    111500.0000     2427493.916            0.00      1800000.00 
       0.0000    111500.0000   215634.9639    111500.0000     2427493.916            0.00      1800000.00 
  215634.9639    111500.0000   405847.6331    111500.0000     2110846.981            0.00      1800000.00 
  405847.6331    111500.0000   554635.6629    111500.0000     1645345.801            0.00      1800000.00 
  554635.6629    111500.0000   663047.7376    111500.0000     1196386.754            0.00      1800000.00 
  663047.7376    111500.0000   740110.3559    111500.0000      837431.968            0.00      1800000.00 
  740110.3559    111500.0000   791016.8047    111500.0000      575108.102            0.00      1800000.00 
  791016.8047    111500.0000   824034.6259    111500.0000      391382.219            0.00      1800000.00 
  824034.6259    111500.0000   850304.0636    111500.0000      265224.743            0.00      1800000.00 
 -850304.0636    334500.0000  -824034.6259    334500.0000      265224.743            0.00      1800000.00 
 -824034.6259    334500.0000  -791016.8047    334500.0000      391382.219            0.00      1800000.00 
 -791016.8047    334500.0000  -740110.3559    334500.0000      575108.102            0.00      1800000.00 
 -740110.3559    334500.0000  -663047.7376    334500.0000      837431.968            0.00      1800000.00 
 -663047.7376    334500.0000  -554635.6629    334500.0000     1196386.754            0.00      1800000.00 
 -554635.6629    334500.0000  -405847.6331    334500.0000     1645345.801            0.00      1800000.00 
 -405847.6331    334500.0000  -215634.9639    334500.0000     2110846.981            0.00      1800000.00 
 -215634.9639    334500.0000        0.0000    334500.0000     2427493.916            0.00      1800000.00 
       0.0000    334500.0000   215634.9639    334500.0000     2427493.916            0.00      1800000.00 
  215634.9639    334500.0000   405847.6331    334500.0000     2110846.981            0.00      1800000.00 
  405847.6331    334500.0000   554635.6629    334500.0000     1645345.801            0.00      1800000.00 
  554635.6629    334500.0000   663047.7376    334500.0000     1196386.754            0.00      1800000.00 
  663047.7376    334500.0000   740110.3559    334500.0000      837431.968            0.00      1800000.00 
  740110.3559    334500.0000   791016.8047    334500.0000      575108.102            0.00      1800000.00 
  791016.8047    334500.0000   824034.6259    334500.0000      391382.219            0.00      1800000.00 
  824034.6259    334500.0000   850304.0636    334500.0000      265224.743            0.00      1800000.00 
 -850304.0636    561500.0000  -824034.6259    561500.0000      265224.743            0.00      1800000.00 
 -824034.6259    561500.0000  -791016.8047    561500.0000      391382.219            0.00      1800000.00 
 -791016.8047    561500.0000  -740110.3559    561500.0000      575108.102            0.00      1800000.00 
 -740110.3559    561500.0000  -663047.7376    561500.0000      837431.968            0.00      1800000.00 
 -663047.7376    561500.0000  -554635.6629    561500.0000     1196386.754            0.00      1800000.00 
 -554635.6629    561500.0000  -405847.6331    561500.0000     1645345.801            0.00      1800000.00 
 -405847.6331    561500.0000  -215634.9639    561500.0000     2110846.981            0.00      1800000.00 
 -215634.9639    561500.0000        0.0000    561500.0000     2427493.916            0.00      1800000.00 
       0.0000    561500.0000   215634.9639    561500.0000     2427493.916            0.00      1800000.00 
  215634.9639    561500.0000   405847.6331    561500.0000     2110846.981            0.00      1800000.00 
  405847.6331    561500.0000   554635.6629    561500.0000     1645345.801            0.00      1800000.00 
  554635.6629    561500.0000   663047.7376    561500.0000     1196386.754            0.00      1800000.00 
  663047.7376    561500.0000   740110.3559    561500.0000      837431.968            0.00      1800000.00 
  740110.3559    561500.0000   791016.8047    561500.0000      575108.102            0.00      1800000.00 
  791016.8047    561500.0000   824034.6259    561500.0000      391382.219            0.00      1800000.00 
  824034.6259    561500.0000   850304.0636    561500.0000      265224.743            0.00      1800000.00 
 -850304.0636    784500.0000  -824034.6259    784500.0000      265224.743            0.00      1800000.00 
 -824034.6259    784500.0000  -791016.8047    784500.0000      391382.219            0.00      1800000.00 
 -791016.8047    784500.0000  -740110.3559    784500.0000      575108.102            0.00      1800000.00 
 -740110.3559    784500.0000  -663047.7376    784500.0000      837431.968            0.00      1800000.00 
 -663047.7376    784500.0000  -554635.6629    784500.0000     1196386.754            0.00      1800000.00 
 -554635.6629    784500.0000  -405847.6331    784500.0000     1645345.801            0.00      1800000.00 
 -405847.6331    784500.0000  -215634.9639    784500.0000     2110846.981            0.00      1800000.00 
 -215634.9639    784500.0000        0.0000    784500.0000     2427493.916            0.00      1800000.00 
       0.0000    784500.0000   215634.9639    784500.0000     2427493.916            0.00      1800000.00 
  215634.9639    784500.0000   405847.6331    784500.0000     2110846.981            0.00      1800000.00 
  405847.6331    784500.0000   554635.6629    784500.0000     1645345.801            0.00      1800000.00 
  554635.6629    784500.0000   663047.7376    784500.0000     1196386.754            0.00      1800000.00 
  663047.7376    784500.0000   740110.3559    784500.0000      837431.968            0.00      1800000.00 
  740110.3559    784500.0000   791016.8047    784500.0000      575108.102            0.00      1800000.00 
  791016.8047    784500.0000   824034.6259    784500.0000      391382.219            0.00      1800000.00 
  824034.6259    784500.0000   850304.0636    784500.0000      265224.743            0.00      1800000.00 
 -850304.0636   1011500.0000  -824034.6259   1011500.0000      265224.743            0.00      1800000.00 
 -824034.6259   1011500.0000  -791016.8047   1011500.0000      391382.219            0.00      1800000.00 
 -791016.8047   1011500.0000  -740110.3559   1011500.0000      575108.102            0.00      1800000.00 
 -740110.3559   1011500.0000  -663047.7376   1011500.0000      837431.968            0.00      1800000.00 
 -663047.7376   1011500.0000  -554635.6629   1011500.0000     1196386.754            0.00      1800000.00 
 -554635.6629   1011500.0000  -405847.6331   1011500.0000     1645345.801            0.00      1800000.00 
 -405847.6331   1011500.0000  -215634.9639   1011500.0000     2110846.981            0.00      1800000.00 
 -215634.9639   1011500.0000        0.0000   1011500.0000     2427493.916            0.00      1800000.00 
       0.0000   1011500.0000   215634.9639   1011500.0000     2427493.916            0.00      1800000.00 
  215634.9639   1011500.0000   405847.6331   1011500.0000     2110846.981            0.00      1800000.00 
  405847.6331   1011500.0000   554635.6629   1011500.0000     1645345.801            0.00      1800000.00 
  554635.6629   1011500.0000   663047.7376   1011500.0000     1196386.754            0.00      1800000.00 
  663047.7376   1011500.0000   740110.3559   1011500.0000      837431.968            0.00      1800000.00 
  740110.3559   1011500.0000   791016.8047   1011500.0000      575108.102            0.00      1800000.00 
  791016.8047   1011500.0000   824034.6259   1011500.0000      391382.219            0.00      1800000.00 
  824034.6259   1011500.0000   850304.0636   1011500.0000      265224.743            0.00      1800000.00 
 -850304.0636   1234500.0000  -824034.6259   1234500.0000      265224.743            0.00      1800000.00 
 -824034.6259   1234500.0000  -791016.8047   1234500.0000      391382.219            0.00      1800000.00 
 -791016.8047   1234500.0000  -740110.3559   1234500.0000      575108.102            0.00      1800000.00 
 -740110.3559   1234500.0000  -663047.7376   1234500.0000      837431.968            0.00      1800000.00 
 -663047.7376   1234500.0000  -554635.6629   1234500.0000     1196386.754            0.00      1800000.00 
 -554635.6629   1234500.0000  -405847.6331   1234500.0000     1645345.801            0.00      1800000.00 
 -405847.6331   1234500.0000  -215634.9639   1234500.0000     2110846.981            0.00      1800000.00 
 -215634.9639   1234500.0000        0.0000   1234500.0000     2427493.916            0.00      1800000.00 
       0.0000   1234500.0000   215634.9639   1234500.0000     2427493.916            0.00      1800000.00 
  215634.9639   1234500.0000   405847.6331   1234500.0000     2110846.981            0.00      1800000.00 
  405847.6331   1234500.0000   554635.6629   1234500.0000     1645345.801            0.00      1800000.00 
  554635.6629   1234500.0000   663047.7376   1234500.0000     1196386.754            0.00      1800000.00 
  663047.7376   1234500.0000   740110.3559   1234500.0000      837431.968            0.00      1800000.00 
  740110.3559   1234500.0000   791016.8047   1234500.0000      575108.102            0.00      1800000.00 
  791016.8047   1234500.0000   824034.6259   1234500.0000      391382.219            0.00      1800000.00 
  824034.6259   1234500.0000   850304.0636   1234500.0000      265224.743            0.00      1800000.00 
 -850304.0636   1461500.0000  -824034.6259   1461500.0000      265224.743            0.00      1800000.00 
 -824034.6259   1461500.0000  -791016.8047   1461500.0000      391382.219            0.00      1800000.00 
 -791016.8047   1461500.0000  -740110.3559   1461500.0000      575108.102            0.00      1800000.00 
 -740110.3559   1461500.0000  -663047.7376   1461500.0000      837431.968            0.00      1800000.00 
 -663047.7376   1461500.0000  -554635.6629   1461500.0000     1196386.754            0.00      1800000.00 
 -554635.6629   1461500.0000  -405847.6331   1461500.0000     1645345.801            0.00      1800000.00 
 -405847.6331   1461500.0000  -215634.9639   1461500.0000     2110846.981            0.00      1800000.00 
 -215634.9639   1461500.0000        0.0000   1461500.0000     2427493.916            0.00      1800000.00 
       0.0000   1461500.0000   215634.9639   1461500.0000     2427493.916            0.00      1800000.00 
  215634.9639   1461500.0000   405847.6331   1461500.0000     2110846.981            0.00      1800000.00 
  405847.6331   1461500.0000   554635.6629   1461500.0000     1645345.801            0.00      1800000.00 
  554635.6629   1461500.0000   663047.7376   1461500.0000     1196386.754            0.00      1800000.00 
  663047.7376   1461500.0000   740110.3559   1461500.0000      837431.968            0.00      1800000.00 
  740110.3559   1461500.0000   791016.8047   1461500.0000      575108.102            0.00      1800000.00 
  791016.8047   1461500.0000   824034.6259   1461500.0000      391382.219            0.00      1800000.00 
  824034.6259   1461500.0000   850304.0636   1461500.0000      265224.743            0.00      1800000.00 
 -850304.0636   1684500.0000  -824034.6259   1684500.0000      265224.743            0.00      1800000.00 
 -824034.6259   1684500.0000  -791016.8047   1684500.0000      391382.219            0.00      1800000.00 
 -791016.8047   1684500.0000  -740110.3559   1684500.0000      575108.102            0.00      1800000.00 
 -740110.3559   1684500.0000  -663047.7376   1684500.0000      837431.968            0.00      1800000.00 
 -663047.7376   1684500.0000  -554635.6629   1684500.0000     1196386.754            0.00      1800000.00 
 -554635.6629   1684500.0000  -405847.6331   1684500.0000     1645345.801            0.00      1800000.00 
 -405847.6331   1684500.0000  -215634.9639   1684500.0000     2110846.981            0.00      1800000.00 
 -215634.9639   1684500.0000        0.0000   1684500.0000     2427493.916            0.00      1800000.00 
       0.0000   1684500.0000   215634.9639   1684500.0000     2427493.916            0.00      1800000.00 
  215634.9639   1684500.0000   405847.6331   1684500.0000     2110846.981            0.00      1800000.00 
  405847.6331   1684500.0000   554635.6629   1684500.0000     1645345.801            0.00      1800000.00 
  554635.6629   1684500.0000   663047.7376   1684500.0000     1196386.754            0.00      1800000.00 
  663047.7376   1684500.0000   740110.3559   1684500.0000      837431.968            0.00      1800000.00 
  740110.3559   1684500.0000   791016.8047   1684500.0000      575108.102            0.00      1800000.00 
  791016.8047   1684500.0000   824034.6259   1684500.0000      391382.219            0.00      1800000.00 
  824034.6259   1684500.0000   850304.0636   1684500.0000      265224.743            0.00      1800000.00 
